<?xml version="1.0" encoding="UTF-8"?>
<!-- Generated by org.testng.reporters.JUnitReportReporter -->
<testsuite hostname="pASUS" failures="0" tests="1" name="com.amazon.HomePageTest" time="10.907" errors="0" timestamp="2024-06-11T11:10:52 IST" skipped="0">
  <testcase classname="com.amazon.HomePageTest" name="goToHomePageTest" time="10.907"/>
</testsuite> <!-- com.amazon.HomePageTest -->
